<?xml version="1.0" encoding="UTF-8"?>
<testsuite xmlns:xsi="http://www.w3.org/2001/XMLSchema-instance" xsi:noNamespaceSchemaLocation="https://maven.apache.org/surefire/maven-surefire-plugin/xsd/surefire-test-report-3.0.xsd" version="3.0" name="com.cbi.SearchHotel.SearchHotelApplicationTests" time="22.88" tests="1" errors="0" skipped="0" failures="0">
  <properties>
[...]
</properties>
  <testcase name="contextLoads" classname="com.cbi.SearchHotel.SearchHotelApplicationTests" time="2.518">
    <system-out><![CDATA[10:58:59.189 [main] INFO org.springframework.test.context.support.AnnotationConfigContextLoaderUtils -- Could not detect default configuration classes for test class [com.cbi.SearchHotel.SearchHotelApplicationTests]: SearchHotelApplicationTests does not declare any static, non-private, non-final, nested classes annotated with @Configuration.
10:58:59.575 [main] INFO org.springframework.boot.test.context.SpringBootTestContextBootstrapper -- Found @SpringBootConfiguration com.cbi.SearchHotel.SearchHotelApplication for test class com.cbi.SearchHotel.SearchHotelApplicationTests

  .   ____          _            __ _ _
 /\\ / ___'_ __ _ _(_)_ __  __ _ \ \ \ \
( ( )\___ | '_ | '_| | '_ \/ _` | \ \ \ \
 \\/  ___)| |_)| | | | | || (_| |  ) ) ) )
  '  |____| .__|_| |_|_| |_\__, | / / / /
 =========|_|==============|___/=/_/_/_/
 :: Spring Boot ::                (v3.2.3)

2024-05-11T10:59:01.654+02:00  INFO 23740 --- [SearchHotel] [           main] c.c.S.SearchHotelApplicationTests        : Starting SearchHotelApplicationTests using Java 17.0.8 with PID 23740 (started by LENOVO in C:\Users\LENOVO\Downloads\SearchHotel (1)\SearchHotel)
2024-05-11T10:59:01.658+02:00  INFO 23740 --- [SearchHotel] [           main] c.c.S.SearchHotelApplicationTests        : No active profile set, falling back to 1 default profile: "default"
2024-05-11T10:59:04.190+02:00  INFO 23740 --- [SearchHotel] [           main] .s.d.r.c.RepositoryConfigurationDelegate : Bootstrapping Spring Data JPA repositories in DEFAULT mode.
2024-05-11T10:59:04.438+02:00  INFO 23740 --- [SearchHotel] [           main] .s.d.r.c.RepositoryConfigurationDelegate : Finished Spring Data repository scanning in 204 ms. Found 1 JPA repository interface.
2024-05-11T10:59:06.020+02:00  INFO 23740 --- [SearchHotel] [           main] o.hibernate.jpa.internal.util.LogHelper  : HHH000204: Processing PersistenceUnitInfo [name: default]
2024-05-11T10:59:06.343+02:00  INFO 23740 --- [SearchHotel] [           main] org.hibernate.Version                    : HHH000412: Hibernate ORM core version 6.4.4.Final
2024-05-11T10:59:06.508+02:00  INFO 23740 --- [SearchHotel] [           main] o.h.c.internal.RegionFactoryInitiator    : HHH000026: Second-level cache disabled
2024-05-11T10:59:08.256+02:00  INFO 23740 --- [SearchHotel] [           main] o.s.o.j.p.SpringPersistenceUnitInfo      : No LoadTimeWeaver setup: ignoring JPA class transformer
2024-05-11T10:59:08.371+02:00  INFO 23740 --- [SearchHotel] [           main] com.zaxxer.hikari.HikariDataSource       : HikariPool-1 - Starting...
2024-05-11T10:59:09.424+02:00  INFO 23740 --- [SearchHotel] [           main] com.zaxxer.hikari.pool.HikariPool        : HikariPool-1 - Added connection com.mysql.cj.jdbc.ConnectionImpl@5cf0673d
2024-05-11T10:59:09.429+02:00  INFO 23740 --- [SearchHotel] [           main] com.zaxxer.hikari.HikariDataSource       : HikariPool-1 - Start completed.
2024-05-11T10:59:09.588+02:00  WARN 23740 --- [SearchHotel] [           main] org.hibernate.dialect.Dialect            : HHH000511: The 5.5.0 version for [org.hibernate.dialect.MySQLDialect] is no longer supported, hence certain features may not work properly. The minimum supported version is 8.0.0. Check the community dialects project for available legacy versions.
2024-05-11T10:59:09.632+02:00  WARN 23740 --- [SearchHotel] [           main] org.hibernate.orm.deprecation            : HHH90000025: MySQLDialect does not need to be specified explicitly using 'hibernate.dialect' (remove the property setting and it will be selected by default)
2024-05-11T10:59:13.720+02:00  INFO 23740 --- [SearchHotel] [           main] o.h.e.t.j.p.i.JtaPlatformInitiator       : HHH000489: No JTA platform available (set 'hibernate.transaction.jta.platform' to enable JTA platform integration)
2024-05-11T10:59:13.936+02:00  INFO 23740 --- [SearchHotel] [           main] j.LocalContainerEntityManagerFactoryBean : Initialized JPA EntityManagerFactory for persistence unit 'default'
2024-05-11T10:59:14.577+02:00  WARN 23740 --- [SearchHotel] [           main] JpaBaseConfiguration$JpaWebConfiguration : spring.jpa.open-in-view is enabled by default. Therefore, database queries may be performed during view rendering. Explicitly configure spring.jpa.open-in-view to disable this warning
2024-05-11T10:59:18.598+02:00  INFO 23740 --- [SearchHotel] [           main] c.c.S.SearchHotelApplicationTests        : Started SearchHotelApplicationTests in 18.192 seconds (process running for 23.092)
]]></system-out>
  </testcase>
</testsuite>